C:\USERS\USER\DOCUMENTS\RATHENA\VCPROJ-10\CHAR-SERVER\DEBUG\VC110.PDB
C:\USERS\USER\DOCUMENTS\RATHENA\VCPROJ-10\CHAR-SERVER\DEBUG\CHAR.OBJ
C:\USERS\USER\DOCUMENTS\RATHENA\CHAR-SERVER.ILK
C:\USERS\USER\DOCUMENTS\RATHENA\CHAR-SERVER.EXE
C:\USERS\USER\DOCUMENTS\RATHENA\CHAR-SERVER.PDB
C:\Users\USER\Documents\rAthena\vcproj-10\char-server\Debug\char.obj
C:\Users\USER\Documents\rAthena\vcproj-10\char-server\Debug\char_clif.obj
C:\Users\USER\Documents\rAthena\vcproj-10\char-server\Debug\char_cnslif.obj
C:\Users\USER\Documents\rAthena\vcproj-10\char-server\Debug\char_logif.obj
C:\Users\USER\Documents\rAthena\vcproj-10\char-server\Debug\char_mapif.obj
C:\Users\USER\Documents\rAthena\vcproj-10\char-server\Debug\cli.obj
C:\Users\USER\Documents\rAthena\vcproj-10\char-server\Debug\conf.obj
C:\Users\USER\Documents\rAthena\vcproj-10\char-server\Debug\core.obj
C:\Users\USER\Documents\rAthena\vcproj-10\char-server\Debug\db.obj
C:\Users\USER\Documents\rAthena\vcproj-10\char-server\Debug\ers.obj
C:\Users\USER\Documents\rAthena\vcproj-10\char-server\Debug\grammar.obj
C:\Users\USER\Documents\rAthena\vcproj-10\char-server\Debug\inter.obj
C:\Users\USER\Documents\rAthena\vcproj-10\char-server\Debug\int_achievement.obj
C:\Users\USER\Documents\rAthena\vcproj-10\char-server\Debug\int_auction.obj
C:\Users\USER\Documents\rAthena\vcproj-10\char-server\Debug\int_elemental.obj
C:\Users\USER\Documents\rAthena\vcproj-10\char-server\Debug\int_guild.obj
C:\Users\USER\Documents\rAthena\vcproj-10\char-server\Debug\int_homun.obj
C:\Users\USER\Documents\rAthena\vcproj-10\char-server\Debug\int_mail.obj
C:\Users\USER\Documents\rAthena\vcproj-10\char-server\Debug\int_mercenary.obj
C:\Users\USER\Documents\rAthena\vcproj-10\char-server\Debug\int_party.obj
C:\Users\USER\Documents\rAthena\vcproj-10\char-server\Debug\int_pet.obj
C:\Users\USER\Documents\rAthena\vcproj-10\char-server\Debug\int_quest.obj
C:\Users\USER\Documents\rAthena\vcproj-10\char-server\Debug\int_storage.obj
C:\Users\USER\Documents\rAthena\vcproj-10\char-server\Debug\libconfig.obj
C:\Users\USER\Documents\rAthena\vcproj-10\char-server\Debug\malloc.obj
C:\Users\USER\Documents\rAthena\vcproj-10\char-server\Debug\mapindex.obj
C:\Users\USER\Documents\rAthena\vcproj-10\char-server\Debug\mempool.obj
C:\Users\USER\Documents\rAthena\vcproj-10\char-server\Debug\msg_conf.obj
C:\Users\USER\Documents\rAthena\vcproj-10\char-server\Debug\mt19937ar.obj
C:\Users\USER\Documents\rAthena\vcproj-10\char-server\Debug\mutex.obj
C:\Users\USER\Documents\rAthena\vcproj-10\char-server\Debug\nullpo.obj
C:\Users\USER\Documents\rAthena\vcproj-10\char-server\Debug\raconf.obj
C:\Users\USER\Documents\rAthena\vcproj-10\char-server\Debug\random.obj
C:\Users\USER\Documents\rAthena\vcproj-10\char-server\Debug\scanctx.obj
C:\Users\USER\Documents\rAthena\vcproj-10\char-server\Debug\scanner.obj
C:\Users\USER\Documents\rAthena\vcproj-10\char-server\Debug\showmsg.obj
C:\Users\USER\Documents\rAthena\vcproj-10\char-server\Debug\socket.obj
C:\Users\USER\Documents\rAthena\vcproj-10\char-server\Debug\sql.obj
C:\Users\USER\Documents\rAthena\vcproj-10\char-server\Debug\strbuf.obj
C:\Users\USER\Documents\rAthena\vcproj-10\char-server\Debug\strlib.obj
C:\Users\USER\Documents\rAthena\vcproj-10\char-server\Debug\thread.obj
C:\Users\USER\Documents\rAthena\vcproj-10\char-server\Debug\timer.obj
C:\Users\USER\Documents\rAthena\vcproj-10\char-server\Debug\utils.obj
C:\Users\USER\Documents\rAthena\vcproj-10\char-server\Debug\CL.10956.read.1.tlog
C:\Users\USER\Documents\rAthena\vcproj-10\char-server\Debug\CL.10956.write.1.tlog
C:\Users\USER\Documents\rAthena\vcproj-10\char-server\Debug\CL.12756.read.1.tlog
C:\Users\USER\Documents\rAthena\vcproj-10\char-server\Debug\CL.12756.write.1.tlog
C:\Users\USER\Documents\rAthena\vcproj-10\char-server\Debug\CL.14328.read.1.tlog
C:\Users\USER\Documents\rAthena\vcproj-10\char-server\Debug\CL.14328.write.1.tlog
C:\Users\USER\Documents\rAthena\vcproj-10\char-server\Debug\CL.14432.read.1.tlog
C:\Users\USER\Documents\rAthena\vcproj-10\char-server\Debug\CL.14432.write.1.tlog
C:\Users\USER\Documents\rAthena\vcproj-10\char-server\Debug\CL.16876.read.1.tlog
C:\Users\USER\Documents\rAthena\vcproj-10\char-server\Debug\CL.16876.write.1.tlog
C:\Users\USER\Documents\rAthena\vcproj-10\char-server\Debug\CL.2180.read.1.tlog
C:\Users\USER\Documents\rAthena\vcproj-10\char-server\Debug\CL.2180.write.1.tlog
C:\Users\USER\Documents\rAthena\vcproj-10\char-server\Debug\CL.5656.read.1.tlog
C:\Users\USER\Documents\rAthena\vcproj-10\char-server\Debug\CL.5656.write.1.tlog
C:\Users\USER\Documents\rAthena\vcproj-10\char-server\Debug\CL.9600.read.1.tlog
C:\Users\USER\Documents\rAthena\vcproj-10\char-server\Debug\CL.9600.write.1.tlog
C:\Users\USER\Documents\rAthena\vcproj-10\char-server\Debug\cl.command.1.tlog
C:\Users\USER\Documents\rAthena\vcproj-10\char-server\Debug\CL.read.1.tlog
C:\Users\USER\Documents\rAthena\vcproj-10\char-server\Debug\cl.write.1.tlog
C:\Users\USER\Documents\rAthena\vcproj-10\char-server\Debug\link-cvtres.read.1.tlog
C:\Users\USER\Documents\rAthena\vcproj-10\char-server\Debug\link-cvtres.write.1.tlog
C:\Users\USER\Documents\rAthena\vcproj-10\char-server\Debug\link-rc.read.1.tlog
C:\Users\USER\Documents\rAthena\vcproj-10\char-server\Debug\link-rc.write.1.tlog
C:\Users\USER\Documents\rAthena\vcproj-10\char-server\Debug\link.command.1.tlog
C:\Users\USER\Documents\rAthena\vcproj-10\char-server\Debug\link.read.1.tlog
C:\Users\USER\Documents\rAthena\vcproj-10\char-server\Debug\link.write.1.tlog
C:\Users\USER\Documents\rAthena\vcproj-10\char-server\Debug\vc110.idb
C:\Users\USER\Documents\rAthena\vcproj-10\char-server\Debug\vc110.pdb
C:\Users\USER\Documents\rAthena\vcproj-10\..\char-server.exe
